# JRE version: OpenJDK Runtime Environment Temurin-17.0.7+7 (17.0.7+7) (build 17.0.7+7)
# Java VM: OpenJDK 64-Bit Server VM Temurin-17.0.7+7 (17.0.7+7, mixed mode, sharing, tiered, compressed oops, compressed class ptrs, g1 gc, windows-amd64)
GC Precious Log:
 CPUs: 28 total, 28 available
 Memory: 14039M
 Large Page Support: Disabled
 NUMA Support: Disabled
 Compressed Oops: Enabled (Zero based)
 Heap Region Size: 2M
 Heap Min Capacity: 512M
 Heap Initial Capacity: 512M
 Heap Max Capacity: 4072M
 Pre-touch: Disabled
 Parallel Workers: 20
 Concurrent Workers: 5
 Concurrent Refinement Workers: 20
 Periodic GC: Disabled
 String Deduplication is enabled
Heap:
 garbage-first heap   total 524288K, used 126783K [0x0000000701800000, 0x0000000800000000)
  region size 2048K, 9 young (18432K), 1 survivors (2048K)
 Metaspace       used 111453K, committed 111936K, reserved 1179648K
  class space    used 15647K, committed 15936K, reserved 1048576K
GC Heap History (20 events):
Event: 31641.537 GC heap before
{Heap before GC invocations=1240 (full 383):
 garbage-first heap   total 524288K, used 194244K [0x0000000701800000, 0x0000000800000000)
  region size 2048K, 40 young (81920K), 0 survivors (0K)
 Metaspace       used 111443K, committed 111936K, reserved 1179648K
  class space    used 15646K, committed 15936K, reserved 1048576K
}
Event: 31641.541 GC heap after
{Heap after GC invocations=1241 (full 383):
 garbage-first heap   total 524288K, used 112911K [0x0000000701800000, 0x0000000800000000)
  region size 2048K, 1 young (2048K), 1 survivors (2048K)
 Metaspace       used 111443K, committed 111936K, reserved 1179648K
  class space    used 15646K, committed 15936K, reserved 1048576K
}
Event: 31647.976 GC heap before
{Heap before GC invocations=1241 (full 383):
 garbage-first heap   total 524288K, used 198927K [0x0000000701800000, 0x0000000800000000)
  region size 2048K, 38 young (77824K), 1 survivors (2048K)
 Metaspace       used 111452K, committed 111936K, reserved 1179648K
  class space    used 15647K, committed 15936K, reserved 1048576K
}
Event: 31648.075 GC heap after
{Heap after GC invocations=1242 (full 384):
 garbage-first heap   total 524288K, used 111838K [0x0000000701800000, 0x0000000800000000)
  region size 2048K, 0 young (0K), 0 survivors (0K)
 Metaspace       used 111452K, committed 111936K, reserved 1179648K
  class space    used 15647K, committed 15936K, reserved 1048576K
}
Event: 31657.072 GC heap before
{Heap before GC invocations=1242 (full 384):
 garbage-first heap   total 524288K, used 181470K [0x0000000701800000, 0x0000000800000000)
  region size 2048K, 35 young (71680K), 0 survivors (0K)
 Metaspace       used 111452K, committed 111936K, reserved 1179648K
  class space    used 15647K, committed 15936K, reserved 1048576K
}
Event: 31657.075 GC heap after
{Heap after GC invocations=1243 (full 384):
 garbage-first heap   total 524288K, used 112213K [0x0000000701800000, 0x0000000800000000)
  region size 2048K, 1 young (2048K), 1 survivors (2048K)
 Metaspace       used 111452K, committed 111936K, reserved 1179648K
  class space    used 15647K, committed 15936K, reserved 1048576K
}
Event: 31660.368 GC heap before
{Heap before GC invocations=1243 (full 384):
 garbage-first heap   total 524288K, used 120405K [0x0000000701800000, 0x0000000800000000)
  region size 2048K, 6 young (12288K), 1 survivors (2048K)
 Metaspace       used 111452K, committed 111936K, reserved 1179648K
  class space    used 15647K, committed 15936K, reserved 1048576K
}
Event: 31660.511 GC heap after
{Heap after GC invocations=1244 (full 385):
 garbage-first heap   total 524288K, used 111841K [0x0000000701800000, 0x0000000800000000)
  region size 2048K, 0 young (0K), 0 survivors (0K)
 Metaspace       used 111452K, committed 111936K, reserved 1179648K
  class space    used 15647K, committed 15936K, reserved 1048576K
}
Event: 31662.366 GC heap before
{Heap before GC invocations=1244 (full 385):
 garbage-first heap   total 524288K, used 115937K [0x0000000701800000, 0x0000000800000000)
  region size 2048K, 3 young (6144K), 0 survivors (0K)
 Metaspace       used 111452K, committed 111936K, reserved 1179648K
  class space    used 15647K, committed 15936K, reserved 1048576K
}
Event: 31662.515 GC heap after
{Heap after GC invocations=1245 (full 386):
 garbage-first heap   total 524288K, used 111837K [0x0000000701800000, 0x0000000800000000)
  region size 2048K, 0 young (0K), 0 survivors (0K)
 Metaspace       used 111452K, committed 111936K, reserved 1179648K
  class space    used 15647K, committed 15936K, reserved 1048576K
}
Event: 31663.323 GC heap before
{Heap before GC invocations=1245 (full 386):
 garbage-first heap   total 524288K, used 117981K [0x0000000701800000, 0x0000000800000000)
  region size 2048K, 4 young (8192K), 0 survivors (0K)
 Metaspace       used 111452K, committed 111936K, reserved 1179648K
  class space    used 15647K, committed 15936K, reserved 1048576K
}
Event: 31663.410 GC heap after
{Heap after GC invocations=1246 (full 387):
 garbage-first heap   total 524288K, used 111888K [0x0000000701800000, 0x0000000800000000)
  region size 2048K, 0 young (0K), 0 survivors (0K)
 Metaspace       used 111452K, committed 111936K, reserved 1179648K
  class space    used 15647K, committed 15936K, reserved 1048576K
}
Event: 31663.709 GC heap before
{Heap before GC invocations=1246 (full 387):
 garbage-first heap   total 524288K, used 124176K [0x0000000701800000, 0x0000000800000000)
  region size 2048K, 4 young (8192K), 0 survivors (0K)
 Metaspace       used 111452K, committed 111936K, reserved 1179648K
  class space    used 15647K, committed 15936K, reserved 1048576K
}
Event: 31663.823 GC heap after
{Heap after GC invocations=1247 (full 388):
 garbage-first heap   total 524288K, used 112059K [0x0000000701800000, 0x0000000800000000)
  region size 2048K, 0 young (0K), 0 survivors (0K)
 Metaspace       used 111452K, committed 111936K, reserved 1179648K
  class space    used 15647K, committed 15936K, reserved 1048576K
}
Event: 31674.677 GC heap before
{Heap before GC invocations=1247 (full 388):
 garbage-first heap   total 524288K, used 193979K [0x0000000701800000, 0x0000000800000000)
  region size 2048K, 40 young (81920K), 0 survivors (0K)
 Metaspace       used 111453K, committed 111936K, reserved 1179648K
  class space    used 15647K, committed 15936K, reserved 1048576K
}
Event: 31674.680 GC heap after
{Heap after GC invocations=1248 (full 388):
 garbage-first heap   total 524288K, used 112341K [0x0000000701800000, 0x0000000800000000)
  region size 2048K, 1 young (2048K), 1 survivors (2048K)
 Metaspace       used 111453K, committed 111936K, reserved 1179648K
  class space    used 15647K, committed 15936K, reserved 1048576K
}
Event: 31675.703 GC heap before
{Heap before GC invocations=1248 (full 388):
 garbage-first heap   total 524288K, used 192213K [0x0000000701800000, 0x0000000800000000)
  region size 2048K, 40 young (81920K), 1 survivors (2048K)
 Metaspace       used 111453K, committed 111936K, reserved 1179648K
  class space    used 15647K, committed 15936K, reserved 1048576K
}
Event: 31675.705 GC heap after
{Heap after GC invocations=1249 (full 388):
 garbage-first heap   total 524288K, used 112356K [0x0000000701800000, 0x0000000800000000)
  region size 2048K, 1 young (2048K), 1 survivors (2048K)
 Metaspace       used 111453K, committed 111936K, reserved 1179648K
  class space    used 15647K, committed 15936K, reserved 1048576K
}
Event: 31689.608 GC heap before
{Heap before GC invocations=1249 (full 388):
 garbage-first heap   total 524288K, used 192228K [0x0000000701800000, 0x0000000800000000)
  region size 2048K, 40 young (81920K), 1 survivors (2048K)
 Metaspace       used 111453K, committed 111936K, reserved 1179648K
  class space    used 15647K, committed 15936K, reserved 1048576K
}
Event: 31689.614 GC heap after
{Heap after GC invocations=1250 (full 388):
 garbage-first heap   total 524288K, used 112447K [0x0000000701800000, 0x0000000800000000)
  region size 2048K, 1 young (2048K), 1 survivors (2048K)
 Metaspace       used 111453K, committed 111936K, reserved 1179648K
  class space    used 15647K, committed 15936K, reserved 1048576K
}

